# JRE version: Java(TM) SE Runtime Environment (8.0_45-b14) (build 1.8.0_45-b14)
# Java VM: Java HotSpot(TM) 64-Bit Server VM (25.45-b02 mixed mode bsd-amd64 compressed oops)
Heap:
 PSYoungGen      total 267776K, used 79467K [0x00000007aab00000, 0x00000007c0000000, 0x00000007c0000000)
  eden space 190464K, 3% used [0x00000007aab00000,0x00000007ab222da0,0x00000007b6500000)
  from space 77312K, 93% used [0x00000007bb480000,0x00000007bfaf8140,0x00000007c0000000)
  to   space 79360K, 0% used [0x00000007b6500000,0x00000007b6500000,0x00000007bb280000)
 ParOldGen       total 699392K, used 284682K [0x0000000780000000, 0x00000007aab00000, 0x00000007aab00000)
  object space 699392K, 40% used [0x0000000780000000,0x00000007916028d8,0x00000007aab00000)
 Metaspace       used 49890K, capacity 65067K, committed 75312K, reserved 1103872K
  class space    used 12277K, capacity 17709K, committed 21296K, reserved 1048576K
GC Heap History (10 events):
Event: 3109.657 GC heap before
{Heap before GC invocations=945 (full 29):
 PSYoungGen      total 269312K, used 248915K [0x00000007aab00000, 0x00000007c0000000, 0x00000007c0000000)
  eden space 189440K, 99% used [0x00000007aab00000,0x00000007b6228d78,0x00000007b6400000)
  from space 79872K, 76% used [0x00000007b6400000,0x00000007b9fec110,0x00000007bb200000)
  to   space 78848K, 0% used [0x00000007bb300000,0x00000007bb300000,0x00000007c0000000)
 ParOldGen       total 699392K, used 284682K [0x0000000780000000, 0x00000007aab00000, 0x00000007aab00000)
  object space 699392K, 40% used [0x0000000780000000,0x00000007916028d8,0x00000007aab00000)
 Metaspace       used 49886K, capacity 65061K, committed 75312K, reserved 1103872K
  class space    used 12275K, capacity 17707K, committed 21296K, reserved 1048576K
Event: 3109.671 GC heap after
Heap after GC invocations=945 (full 29):
 PSYoungGen      total 266240K, used 61360K [0x00000007aab00000, 0x00000007bfd00000, 0x00000007c0000000)
  eden space 190464K, 0% used [0x00000007aab00000,0x00000007aab00000,0x00000007b6500000)
  from space 75776K, 80% used [0x00000007bb300000,0x00000007beeec110,0x00000007bfd00000)
  to   space 77824K, 0% used [0x00000007b6500000,0x00000007b6500000,0x00000007bb100000)
 ParOldGen       total 699392K, used 284682K [0x0000000780000000, 0x00000007aab00000, 0x00000007aab00000)
  object space 699392K, 40% used [0x0000000780000000,0x00000007916028d8,0x00000007aab00000)
 Metaspace       used 49886K, capacity 65061K, committed 75312K, reserved 1103872K
  class space    used 12275K, capacity 17707K, committed 21296K, reserved 1048576K
}
Event: 3110.880 GC heap before
{Heap before GC invocations=946 (full 29):
 PSYoungGen      total 266240K, used 249057K [0x00000007aab00000, 0x00000007bfd00000, 0x00000007c0000000)
  eden space 190464K, 98% used [0x00000007aab00000,0x00000007b624c378,0x00000007b6500000)
  from space 75776K, 80% used [0x00000007bb300000,0x00000007beeec110,0x00000007bfd00000)
  to   space 77824K, 0% used [0x00000007b6500000,0x00000007b6500000,0x00000007bb100000)
 ParOldGen       total 699392K, used 284682K [0x0000000780000000, 0x00000007aab00000, 0x00000007aab00000)
  object space 699392K, 40% used [0x0000000780000000,0x00000007916028d8,0x00000007aab00000)
 Metaspace       used 49886K, capacity 65061K, committed 75312K, reserved 1103872K
  class space    used 12275K, capacity 17707K, committed 21296K, reserved 1048576K
Event: 3110.891 GC heap after
Heap after GC invocations=946 (full 29):
 PSYoungGen      total 268288K, used 57760K [0x00000007aab00000, 0x00000007c0000000, 0x00000007c0000000)
  eden space 190464K, 0% used [0x00000007aab00000,0x00000007aab00000,0x00000007b6500000)
  from space 77824K, 74% used [0x00000007b6500000,0x00000007b9d68100,0x00000007bb100000)
  to   space 77312K, 0% used [0x00000007bb480000,0x00000007bb480000,0x00000007c0000000)
 ParOldGen       total 699392K, used 284682K [0x0000000780000000, 0x00000007aab00000, 0x00000007aab00000)
  object space 699392K, 40% used [0x0000000780000000,0x00000007916028d8,0x00000007aab00000)
 Metaspace       used 49886K, capacity 65061K, committed 75312K, reserved 1103872K
  class space    used 12275K, capacity 17707K, committed 21296K, reserved 1048576K
}
Event: 3112.154 GC heap before
{Heap before GC invocations=947 (full 29):
 PSYoungGen      total 268288K, used 244753K [0x00000007aab00000, 0x00000007c0000000, 0x00000007c0000000)
  eden space 190464K, 98% used [0x00000007aab00000,0x00000007b619c538,0x00000007b6500000)
  from space 77824K, 74% used [0x00000007b6500000,0x00000007b9d68100,0x00000007bb100000)
  to   space 77312K, 0% used [0x00000007bb480000,0x00000007bb480000,0x00000007c0000000)
 ParOldGen       total 699392K, used 284682K [0x0000000780000000, 0x00000007aab00000, 0x00000007aab00000)
  object space 699392K, 40% used [0x0000000780000000,0x00000007916028d8,0x00000007aab00000)
 Metaspace       used 49886K, capacity 65061K, committed 75312K, reserved 1103872K
  class space    used 12275K, capacity 17707K, committed 21296K, reserved 1048576K
Event: 3112.167 GC heap after
Heap after GC invocations=947 (full 29):
 PSYoungGen      total 269824K, used 64960K [0x00000007aab00000, 0x00000007bfe80000, 0x00000007c0000000)
  eden space 194048K, 0% used [0x00000007aab00000,0x00000007aab00000,0x00000007b6880000)
  from space 75776K, 85% used [0x00000007bb480000,0x00000007bf3f0120,0x00000007bfe80000)
  to   space 76800K, 0% used [0x00000007b6880000,0x00000007b6880000,0x00000007bb380000)
 ParOldGen       total 699392K, used 284682K [0x0000000780000000, 0x00000007aab00000, 0x00000007aab00000)
  object space 699392K, 40% used [0x0000000780000000,0x00000007916028d8,0x00000007aab00000)
 Metaspace       used 49886K, capacity 65061K, committed 75312K, reserved 1103872K
  class space    used 12275K, capacity 17707K, committed 21296K, reserved 1048576K
}
Event: 3113.380 GC heap before
{Heap before GC invocations=948 (full 29):
 PSYoungGen      total 269824K, used 256368K [0x00000007aab00000, 0x00000007bfe80000, 0x00000007c0000000)
  eden space 194048K, 98% used [0x00000007aab00000,0x00000007b65ec0c0,0x00000007b6880000)
  from space 75776K, 85% used [0x00000007bb480000,0x00000007bf3f0120,0x00000007bfe80000)
  to   space 76800K, 0% used [0x00000007b6880000,0x00000007b6880000,0x00000007bb380000)
 ParOldGen       total 699392K, used 284682K [0x0000000780000000, 0x00000007aab00000, 0x00000007aab00000)
  object space 699392K, 40% used [0x0000000780000000,0x00000007916028d8,0x00000007aab00000)
 Metaspace       used 49886K, capacity 65061K, committed 75312K, reserved 1103872K
  class space    used 12275K, capacity 17707K, committed 21296K, reserved 1048576K
Event: 3113.393 GC heap after
Heap after GC invocations=948 (full 29):
 PSYoungGen      total 270848K, used 68560K [0x00000007aab00000, 0x00000007c0000000, 0x00000007c0000000)
  eden space 194048K, 0% used [0x00000007aab00000,0x00000007aab00000,0x00000007b6880000)
  from space 76800K, 89% used [0x00000007b6880000,0x00000007bab74130,0x00000007bb380000)
  to   space 77312K, 0% used [0x00000007bb480000,0x00000007bb480000,0x00000007c0000000)
 ParOldGen       total 699392K, used 284682K [0x0000000780000000, 0x00000007aab00000, 0x00000007aab00000)
  object space 699392K, 40% used [0x0000000780000000,0x00000007916028d8,0x00000007aab00000)
 Metaspace       used 49886K, capacity 65061K, committed 75312K, reserved 1103872K
  class space    used 12275K, capacity 17707K, committed 21296K, reserved 1048576K
}
Event: 3114.657 GC heap before
{Heap before GC invocations=949 (full 29):
 PSYoungGen      total 270848K, used 261120K [0x00000007aab00000, 0x00000007c0000000, 0x00000007c0000000)
  eden space 194048K, 99% used [0x00000007aab00000,0x00000007b670c168,0x00000007b6880000)
  from space 76800K, 89% used [0x00000007b6880000,0x00000007bab74130,0x00000007bb380000)
  to   space 77312K, 0% used [0x00000007bb480000,0x00000007bb480000,0x00000007c0000000)
 ParOldGen       total 699392K, used 284682K [0x0000000780000000, 0x00000007aab00000, 0x00000007aab00000)
  object space 699392K, 40% used [0x0000000780000000,0x00000007916028d8,0x00000007aab00000)
 Metaspace       used 49890K, capacity 65067K, committed 75312K, reserved 1103872K
  class space    used 12277K, capacity 17709K, committed 21296K, reserved 1048576K
Event: 3114.673 GC heap after
Heap after GC invocations=949 (full 29):
 PSYoungGen      total 267776K, used 72160K [0x00000007aab00000, 0x00000007c0000000, 0x00000007c0000000)
  eden space 190464K, 0% used [0x00000007aab00000,0x00000007aab00000,0x00000007b6500000)
  from space 77312K, 93% used [0x00000007bb480000,0x00000007bfaf8140,0x00000007c0000000)
  to   space 79360K, 0% used [0x00000007b6500000,0x00000007b6500000,0x00000007bb280000)
 ParOldGen       total 699392K, used 284682K [0x0000000780000000, 0x00000007aab00000, 0x00000007aab00000)
  object space 699392K, 40% used [0x0000000780000000,0x00000007916028d8,0x00000007aab00000)
 Metaspace       used 49890K, capacity 65067K, committed 75312K, reserved 1103872K
  class space    used 12277K, capacity 17709K, committed 21296K, reserved 1048576K
}

