# JRE version: Java(TM) SE Runtime Environment (8.0_45-b14) (build 1.8.0_45-b14)
# Java VM: Java HotSpot(TM) 64-Bit Server VM (25.45-b02 mixed mode bsd-amd64 compressed oops)
Heap:
 PSYoungGen      total 88576K, used 20849K [0x00000007aab00000, 0x00000007b1680000, 0x00000007c0000000)
  eden space 67072K, 4% used [0x00000007aab00000,0x00000007aada0528,0x00000007aec80000)
  from space 21504K, 84% used [0x00000007b0180000,0x00000007b133c1e0,0x00000007b1680000)
  to   space 21504K, 0% used [0x00000007aec80000,0x00000007aec80000,0x00000007b0180000)
 ParOldGen       total 520704K, used 372438K [0x0000000780000000, 0x000000079fc80000, 0x00000007aab00000)
  object space 520704K, 71% used [0x0000000780000000,0x0000000796bb5950,0x000000079fc80000)
 Metaspace       used 51468K, capacity 68337K, committed 76848K, reserved 1103872K
  class space    used 12787K, capacity 18821K, committed 21808K, reserved 1048576K
GC Heap History (10 events):
Event: 81145.996 GC heap before
{Heap before GC invocations=3085 (full 1265):
 PSYoungGen      total 88064K, used 84296K [0x00000007aab00000, 0x00000007b1880000, 0x00000007c0000000)
  eden space 65536K, 100% used [0x00000007aab00000,0x00000007aeb00000,0x00000007aeb00000)
  from space 22528K, 83% used [0x00000007aeb00000,0x00000007afd521f0,0x00000007b0100000)
  to   space 23040K, 0% used [0x00000007b0200000,0x00000007b0200000,0x00000007b1880000)
 ParOldGen       total 520704K, used 372422K [0x0000000780000000, 0x000000079fc80000, 0x00000007aab00000)
  object space 520704K, 71% used [0x0000000780000000,0x0000000796bb1950,0x000000079fc80000)
 Metaspace       used 51468K, capacity 68337K, committed 76848K, reserved 1103872K
  class space    used 12787K, capacity 18821K, committed 21808K, reserved 1048576K
Event: 81146.003 GC heap after
Heap after GC invocations=3085 (full 1265):
 PSYoungGen      total 88064K, used 18160K [0x00000007aab00000, 0x00000007b1780000, 0x00000007c0000000)
  eden space 66048K, 0% used [0x00000007aab00000,0x00000007aab00000,0x00000007aeb80000)
  from space 22016K, 82% used [0x00000007b0200000,0x00000007b13bc1e0,0x00000007b1780000)
  to   space 22528K, 0% used [0x00000007aeb80000,0x00000007aeb80000,0x00000007b0180000)
 ParOldGen       total 520704K, used 372422K [0x0000000780000000, 0x000000079fc80000, 0x00000007aab00000)
  object space 520704K, 71% used [0x0000000780000000,0x0000000796bb1950,0x000000079fc80000)
 Metaspace       used 51468K, capacity 68337K, committed 76848K, reserved 1103872K
  class space    used 12787K, capacity 18821K, committed 21808K, reserved 1048576K
}
Event: 81148.196 GC heap before
{Heap before GC invocations=3086 (full 1265):
 PSYoungGen      total 88064K, used 84208K [0x00000007aab00000, 0x00000007b1780000, 0x00000007c0000000)
  eden space 66048K, 100% used [0x00000007aab00000,0x00000007aeb80000,0x00000007aeb80000)
  from space 22016K, 82% used [0x00000007b0200000,0x00000007b13bc1e0,0x00000007b1780000)
  to   space 22528K, 0% used [0x00000007aeb80000,0x00000007aeb80000,0x00000007b0180000)
 ParOldGen       total 520704K, used 372422K [0x0000000780000000, 0x000000079fc80000, 0x00000007aab00000)
  object space 520704K, 71% used [0x0000000780000000,0x0000000796bb1950,0x000000079fc80000)
 Metaspace       used 51468K, capacity 68337K, committed 76848K, reserved 1103872K
  class space    used 12787K, capacity 18821K, committed 21808K, reserved 1048576K
Event: 81148.203 GC heap after
Heap after GC invocations=3086 (full 1265):
 PSYoungGen      total 88576K, used 17560K [0x00000007aab00000, 0x00000007b1700000, 0x00000007c0000000)
  eden space 66048K, 0% used [0x00000007aab00000,0x00000007aab00000,0x00000007aeb80000)
  from space 22528K, 77% used [0x00000007aeb80000,0x00000007afca61d0,0x00000007b0180000)
  to   space 22016K, 0% used [0x00000007b0180000,0x00000007b0180000,0x00000007b1700000)
 ParOldGen       total 520704K, used 372422K [0x0000000780000000, 0x000000079fc80000, 0x00000007aab00000)
  object space 520704K, 71% used [0x0000000780000000,0x0000000796bb1950,0x000000079fc80000)
 Metaspace       used 51468K, capacity 68337K, committed 76848K, reserved 1103872K
  class space    used 12787K, capacity 18821K, committed 21808K, reserved 1048576K
}
Event: 81150.396 GC heap before
{Heap before GC invocations=3087 (full 1265):
 PSYoungGen      total 88576K, used 83571K [0x00000007aab00000, 0x00000007b1700000, 0x00000007c0000000)
  eden space 66048K, 99% used [0x00000007aab00000,0x00000007aeb76ba0,0x00000007aeb80000)
  from space 22528K, 77% used [0x00000007aeb80000,0x00000007afca61d0,0x00000007b0180000)
  to   space 22016K, 0% used [0x00000007b0180000,0x00000007b0180000,0x00000007b1700000)
 ParOldGen       total 520704K, used 372422K [0x0000000780000000, 0x000000079fc80000, 0x00000007aab00000)
  object space 520704K, 71% used [0x0000000780000000,0x0000000796bb1950,0x000000079fc80000)
 Metaspace       used 51468K, capacity 68337K, committed 76848K, reserved 1103872K
  class space    used 12787K, capacity 18821K, committed 21808K, reserved 1048576K
Event: 81150.404 GC heap after
Heap after GC invocations=3087 (full 1265):
 PSYoungGen      total 88576K, used 16960K [0x00000007aab00000, 0x00000007b1700000, 0x00000007c0000000)
  eden space 66560K, 0% used [0x00000007aab00000,0x00000007aab00000,0x00000007aec00000)
  from space 22016K, 77% used [0x00000007b0180000,0x00000007b12101c0,0x00000007b1700000)
  to   space 22016K, 0% used [0x00000007aec00000,0x00000007aec00000,0x00000007b0180000)
 ParOldGen       total 520704K, used 372422K [0x0000000780000000, 0x000000079fc80000, 0x00000007aab00000)
  object space 520704K, 71% used [0x0000000780000000,0x0000000796bb1950,0x000000079fc80000)
 Metaspace       used 51468K, capacity 68337K, committed 76848K, reserved 1103872K
  class space    used 12787K, capacity 18821K, committed 21808K, reserved 1048576K
}
Event: 81152.602 GC heap before
{Heap before GC invocations=3088 (full 1265):
 PSYoungGen      total 88576K, used 83179K [0x00000007aab00000, 0x00000007b1700000, 0x00000007c0000000)
  eden space 66560K, 99% used [0x00000007aab00000,0x00000007aebaace8,0x00000007aec00000)
  from space 22016K, 77% used [0x00000007b0180000,0x00000007b12101c0,0x00000007b1700000)
  to   space 22016K, 0% used [0x00000007aec00000,0x00000007aec00000,0x00000007b0180000)
 ParOldGen       total 520704K, used 372422K [0x0000000780000000, 0x000000079fc80000, 0x00000007aab00000)
  object space 520704K, 71% used [0x0000000780000000,0x0000000796bb1950,0x000000079fc80000)
 Metaspace       used 51468K, capacity 68337K, committed 76848K, reserved 1103872K
  class space    used 12787K, capacity 18821K, committed 21808K, reserved 1048576K
Event: 81152.608 GC heap after
Heap after GC invocations=3088 (full 1265):
 PSYoungGen      total 88576K, used 16360K [0x00000007aab00000, 0x00000007b1680000, 0x00000007c0000000)
  eden space 66560K, 0% used [0x00000007aab00000,0x00000007aab00000,0x00000007aec00000)
  from space 22016K, 74% used [0x00000007aec00000,0x00000007afbfa1b0,0x00000007b0180000)
  to   space 21504K, 0% used [0x00000007b0180000,0x00000007b0180000,0x00000007b1680000)
 ParOldGen       total 520704K, used 372422K [0x0000000780000000, 0x000000079fc80000, 0x00000007aab00000)
  object space 520704K, 71% used [0x0000000780000000,0x0000000796bb1950,0x000000079fc80000)
 Metaspace       used 51468K, capacity 68337K, committed 76848K, reserved 1103872K
  class space    used 12787K, capacity 18821K, committed 21808K, reserved 1048576K
}
Event: 81154.897 GC heap before
{Heap before GC invocations=3089 (full 1265):
 PSYoungGen      total 88576K, used 82920K [0x00000007aab00000, 0x00000007b1680000, 0x00000007c0000000)
  eden space 66560K, 100% used [0x00000007aab00000,0x00000007aec00000,0x00000007aec00000)
  from space 22016K, 74% used [0x00000007aec00000,0x00000007afbfa1b0,0x00000007b0180000)
  to   space 21504K, 0% used [0x00000007b0180000,0x00000007b0180000,0x00000007b1680000)
 ParOldGen       total 520704K, used 372422K [0x0000000780000000, 0x000000079fc80000, 0x00000007aab00000)
  object space 520704K, 71% used [0x0000000780000000,0x0000000796bb1950,0x000000079fc80000)
 Metaspace       used 51468K, capacity 68337K, committed 76848K, reserved 1103872K
  class space    used 12787K, capacity 18821K, committed 21808K, reserved 1048576K
Event: 81154.905 GC heap after
Heap after GC invocations=3089 (full 1265):
 PSYoungGen      total 88576K, used 18160K [0x00000007aab00000, 0x00000007b1680000, 0x00000007c0000000)
  eden space 67072K, 0% used [0x00000007aab00000,0x00000007aab00000,0x00000007aec80000)
  from space 21504K, 84% used [0x00000007b0180000,0x00000007b133c1e0,0x00000007b1680000)
  to   space 21504K, 0% used [0x00000007aec80000,0x00000007aec80000,0x00000007b0180000)
 ParOldGen       total 520704K, used 372438K [0x0000000780000000, 0x000000079fc80000, 0x00000007aab00000)
  object space 520704K, 71% used [0x0000000780000000,0x0000000796bb5950,0x000000079fc80000)
 Metaspace       used 51468K, capacity 68337K, committed 76848K, reserved 1103872K
  class space    used 12787K, capacity 18821K, committed 21808K, reserved 1048576K
}

