# JRE version: Java(TM) SE Runtime Environment (8.0_45-b14) (build 1.8.0_45-b14)
# Java VM: Java HotSpot(TM) 64-Bit Server VM (25.45-b02 mixed mode bsd-amd64 compressed oops)
Heap:
 PSYoungGen      total 228864K, used 42356K [0x00000007aab00000, 0x00000007bdf00000, 0x00000007c0000000)
  eden space 142336K, 2% used [0x00000007aab00000,0x00000007aae88d78,0x00000007b3600000)
  from space 86528K, 44% used [0x00000007b8a80000,0x00000007bb054320,0x00000007bdf00000)
  to   space 86528K, 0% used [0x00000007b3600000,0x00000007b3600000,0x00000007b8a80000)
 ParOldGen       total 442368K, used 229598K [0x0000000780000000, 0x000000079b000000, 0x00000007aab00000)
  object space 442368K, 51% used [0x0000000780000000,0x000000078e037898,0x000000079b000000)
 Metaspace       used 56102K, capacity 75587K, committed 75688K, reserved 1103872K
  class space    used 14710K, capacity 21423K, committed 21424K, reserved 1048576K
GC Heap History (10 events):
Event: 261.574 GC heap before
{Heap before GC invocations=55 (full 9):
 PSYoungGen      total 232448K, used 202658K [0x00000007aab00000, 0x00000007bea00000, 0x00000007c0000000)
  eden space 137728K, 99% used [0x00000007aab00000,0x00000007b313c678,0x00000007b3180000)
  from space 94720K, 68% used [0x00000007b3180000,0x00000007b712c530,0x00000007b8e00000)
  to   space 93696K, 0% used [0x00000007b8e80000,0x00000007b8e80000,0x00000007bea00000)
 ParOldGen       total 442368K, used 201229K [0x0000000780000000, 0x000000079b000000, 0x00000007aab00000)
  object space 442368K, 45% used [0x0000000780000000,0x000000078c483658,0x000000079b000000)
 Metaspace       used 56090K, capacity 75569K, committed 75688K, reserved 1103872K
  class space    used 14707K, capacity 21418K, committed 21424K, reserved 1048576K
Event: 261.597 GC heap after
Heap after GC invocations=55 (full 9):
 PSYoungGen      total 226816K, used 60433K [0x00000007aab00000, 0x00000007be400000, 0x00000007c0000000)
  eden space 139264K, 0% used [0x00000007aab00000,0x00000007aab00000,0x00000007b3300000)
  from space 87552K, 69% used [0x00000007b8e80000,0x00000007bc9844d0,0x00000007be400000)
  to   space 90624K, 0% used [0x00000007b3300000,0x00000007b3300000,0x00000007b8b80000)
 ParOldGen       total 442368K, used 209053K [0x0000000780000000, 0x000000079b000000, 0x00000007aab00000)
  object space 442368K, 47% used [0x0000000780000000,0x000000078cc27708,0x000000079b000000)
 Metaspace       used 56090K, capacity 75569K, committed 75688K, reserved 1103872K
  class space    used 14707K, capacity 21418K, committed 21424K, reserved 1048576K
}
Event: 266.368 GC heap before
{Heap before GC invocations=56 (full 9):
 PSYoungGen      total 226816K, used 199612K [0x00000007aab00000, 0x00000007be400000, 0x00000007c0000000)
  eden space 139264K, 99% used [0x00000007aab00000,0x00000007b32eae28,0x00000007b3300000)
  from space 87552K, 69% used [0x00000007b8e80000,0x00000007bc9844d0,0x00000007be400000)
  to   space 90624K, 0% used [0x00000007b3300000,0x00000007b3300000,0x00000007b8b80000)
 ParOldGen       total 442368K, used 209053K [0x0000000780000000, 0x000000079b000000, 0x00000007aab00000)
  object space 442368K, 47% used [0x0000000780000000,0x000000078cc27708,0x000000079b000000)
 Metaspace       used 56093K, capacity 75575K, committed 75688K, reserved 1103872K
  class space    used 14708K, capacity 21420K, committed 21424K, reserved 1048576K
Event: 266.390 GC heap after
Heap after GC invocations=56 (full 9):
 PSYoungGen      total 196608K, used 56865K [0x00000007aab00000, 0x00000007be080000, 0x00000007c0000000)
  eden space 139264K, 0% used [0x00000007aab00000,0x00000007aab00000,0x00000007b3300000)
  from space 57344K, 99% used [0x00000007b3300000,0x00000007b6a884a0,0x00000007b6b00000)
  to   space 88064K, 0% used [0x00000007b8a80000,0x00000007b8a80000,0x00000007be080000)
 ParOldGen       total 442368K, used 211461K [0x0000000780000000, 0x000000079b000000, 0x00000007aab00000)
  object space 442368K, 47% used [0x0000000780000000,0x000000078ce81718,0x000000079b000000)
 Metaspace       used 56093K, capacity 75575K, committed 75688K, reserved 1103872K
  class space    used 14708K, capacity 21420K, committed 21424K, reserved 1048576K
}
Event: 270.969 GC heap before
{Heap before GC invocations=57 (full 9):
 PSYoungGen      total 196608K, used 196129K [0x00000007aab00000, 0x00000007be080000, 0x00000007c0000000)
  eden space 139264K, 100% used [0x00000007aab00000,0x00000007b3300000,0x00000007b3300000)
  from space 57344K, 99% used [0x00000007b3300000,0x00000007b6a884a0,0x00000007b6b00000)
  to   space 88064K, 0% used [0x00000007b8a80000,0x00000007b8a80000,0x00000007be080000)
 ParOldGen       total 442368K, used 211461K [0x0000000780000000, 0x000000079b000000, 0x00000007aab00000)
  object space 442368K, 47% used [0x0000000780000000,0x000000078ce81718,0x000000079b000000)
 Metaspace       used 56095K, capacity 75575K, committed 75688K, reserved 1103872K
  class space    used 14708K, capacity 21420K, committed 21424K, reserved 1048576K
Event: 270.989 GC heap after
Heap after GC invocations=57 (full 9):
 PSYoungGen      total 224768K, used 53833K [0x00000007aab00000, 0x00000007bdc80000, 0x00000007c0000000)
  eden space 140800K, 0% used [0x00000007aab00000,0x00000007aab00000,0x00000007b3480000)
  from space 83968K, 64% used [0x00000007b8a80000,0x00000007bbf12480,0x00000007bdc80000)
  to   space 86016K, 0% used [0x00000007b3480000,0x00000007b3480000,0x00000007b8880000)
 ParOldGen       total 442368K, used 213877K [0x0000000780000000, 0x000000079b000000, 0x00000007aab00000)
  object space 442368K, 48% used [0x0000000780000000,0x000000078d0dd728,0x000000079b000000)
 Metaspace       used 56095K, capacity 75575K, committed 75688K, reserved 1103872K
  class space    used 14708K, capacity 21420K, committed 21424K, reserved 1048576K
}
Event: 275.669 GC heap before
{Heap before GC invocations=58 (full 9):
 PSYoungGen      total 224768K, used 194633K [0x00000007aab00000, 0x00000007bdc80000, 0x00000007c0000000)
  eden space 140800K, 100% used [0x00000007aab00000,0x00000007b3480000,0x00000007b3480000)
  from space 83968K, 64% used [0x00000007b8a80000,0x00000007bbf12480,0x00000007bdc80000)
  to   space 86016K, 0% used [0x00000007b3480000,0x00000007b3480000,0x00000007b8880000)
 ParOldGen       total 442368K, used 213877K [0x0000000780000000, 0x000000079b000000, 0x00000007aab00000)
  object space 442368K, 48% used [0x0000000780000000,0x000000078d0dd728,0x000000079b000000)
 Metaspace       used 56102K, capacity 75587K, committed 75688K, reserved 1103872K
  class space    used 14710K, capacity 21423K, committed 21424K, reserved 1048576K
Event: 275.694 GC heap after
Heap after GC invocations=58 (full 9):
 PSYoungGen      total 226816K, used 38200K [0x00000007aab00000, 0x00000007bdf00000, 0x00000007c0000000)
  eden space 140800K, 0% used [0x00000007aab00000,0x00000007aab00000,0x00000007b3480000)
  from space 86016K, 44% used [0x00000007b3480000,0x00000007b59ce310,0x00000007b8880000)
  to   space 86528K, 0% used [0x00000007b8a80000,0x00000007b8a80000,0x00000007bdf00000)
 ParOldGen       total 442368K, used 229518K [0x0000000780000000, 0x000000079b000000, 0x00000007aab00000)
  object space 442368K, 51% used [0x0000000780000000,0x000000078e023898,0x000000079b000000)
 Metaspace       used 56102K, capacity 75587K, committed 75688K, reserved 1103872K
  class space    used 14710K, capacity 21423K, committed 21424K, reserved 1048576K
}
Event: 280.468 GC heap before
{Heap before GC invocations=59 (full 9):
 PSYoungGen      total 226816K, used 179000K [0x00000007aab00000, 0x00000007bdf00000, 0x00000007c0000000)
  eden space 140800K, 100% used [0x00000007aab00000,0x00000007b3480000,0x00000007b3480000)
  from space 86016K, 44% used [0x00000007b3480000,0x00000007b59ce310,0x00000007b8880000)
  to   space 86528K, 0% used [0x00000007b8a80000,0x00000007b8a80000,0x00000007bdf00000)
 ParOldGen       total 442368K, used 229518K [0x0000000780000000, 0x000000079b000000, 0x00000007aab00000)
  object space 442368K, 51% used [0x0000000780000000,0x000000078e023898,0x000000079b000000)
 Metaspace       used 56102K, capacity 75587K, committed 75688K, reserved 1103872K
  class space    used 14710K, capacity 21423K, committed 21424K, reserved 1048576K
Event: 280.490 GC heap after
Heap after GC invocations=59 (full 9):
 PSYoungGen      total 228864K, used 38736K [0x00000007aab00000, 0x00000007bdf00000, 0x00000007c0000000)
  eden space 142336K, 0% used [0x00000007aab00000,0x00000007aab00000,0x00000007b3600000)
  from space 86528K, 44% used [0x00000007b8a80000,0x00000007bb054320,0x00000007bdf00000)
  to   space 86528K, 0% used [0x00000007b3600000,0x00000007b3600000,0x00000007b8a80000)
 ParOldGen       total 442368K, used 229598K [0x0000000780000000, 0x000000079b000000, 0x00000007aab00000)
  object space 442368K, 51% used [0x0000000780000000,0x000000078e037898,0x000000079b000000)
 Metaspace       used 56102K, capacity 75587K, committed 75688K, reserved 1103872K
  class space    used 14710K, capacity 21423K, committed 21424K, reserved 1048576K
}

